<?xml version="1.0" encoding="UTF-8"?>
<!-- Generated by org.testng.reporters.JUnitXMLReporter -->
<testsuite ignored="0" hostname="DESKTOP-4G9K0JT" failures="0" tests="3" name="product testcases" time="0.02" errors="0" timestamp="2023-04-07T22:47:25 IST">
  <testcase classname="com.sgtesting.products.product" name="createproduct" time="0.003"/>
  <testcase classname="com.sgtesting.products.product" name="deleteproduct" time="0.002"/>
  <testcase classname="com.sgtesting.products.product" name="modifyproduct" time="0.006"/>
</testsuite> <!-- product testcases -->
