<?xml version="1.0" encoding="UTF-8"?>
<testng-results skipped="0" failed="0" ignored="0" total="5" passed="5">
  <reporter-output>
  </reporter-output>
  <suite name="Default suite" duration-ms="2076" started-at="2023-05-22T13:55:25 IST" finished-at="2023-05-22T13:55:27 IST">
    <groups>
    </groups>
    <test name="Default test" duration-ms="2076" started-at="2023-05-22T13:55:25 IST" finished-at="2023-05-22T13:55:27 IST">
      <class name="com.sgtesting.Users.User">
        <test-method status="PASS" signature="createUser()[pri:1, instance:com.sgtesting.Users.User@2d8f65a4]" name="createUser" duration-ms="1886" started-at="2023-05-22T13:55:25 IST" finished-at="2023-05-22T13:55:27 IST">
          <reporter-output>
          </reporter-output>
        </test-method> <!-- createUser -->
        <test-method status="PASS" signature="displayParticularUser()[pri:2, instance:com.sgtesting.Users.User@2d8f65a4]" name="displayParticularUser" duration-ms="45" started-at="2023-05-22T13:55:27 IST" finished-at="2023-05-22T13:55:27 IST">
          <reporter-output>
          </reporter-output>
        </test-method> <!-- displayParticularUser -->
        <test-method status="PASS" signature="modifyUser()[pri:3, instance:com.sgtesting.Users.User@2d8f65a4]" name="modifyUser" duration-ms="41" started-at="2023-05-22T13:55:27 IST" finished-at="2023-05-22T13:55:27 IST">
          <reporter-output>
          </reporter-output>
        </test-method> <!-- modifyUser -->
        <test-method status="PASS" signature="displayParticularmodifyUser()[pri:4, instance:com.sgtesting.Users.User@2d8f65a4]" name="displayParticularmodifyUser" duration-ms="27" started-at="2023-05-22T13:55:27 IST" finished-at="2023-05-22T13:55:27 IST">
          <reporter-output>
          </reporter-output>
        </test-method> <!-- displayParticularmodifyUser -->
        <test-method status="PASS" signature="deletemodifyUser()[pri:5, instance:com.sgtesting.Users.User@2d8f65a4]" name="deletemodifyUser" duration-ms="37" started-at="2023-05-22T13:55:27 IST" finished-at="2023-05-22T13:55:27 IST">
          <reporter-output>
          </reporter-output>
        </test-method> <!-- deletemodifyUser -->
      </class> <!-- com.sgtesting.Users.User -->
    </test> <!-- Default test -->
  </suite> <!-- Default suite -->
</testng-results>
