<?xml version="1.0" encoding="UTF-8"?>
<!-- Generated by org.testng.reporters.JUnitXMLReporter -->
<testsuite ignored="0" hostname="DESKTOP-4G9K0JT" failures="0" tests="4" name="Default test" time="0.045" errors="0" timestamp="2023-04-23T13:19:49 IST">
  <testcase classname="com.sgtesting.Groups.TestNGCases" name="mathod1" time="0.007"/>
  <testcase classname="com.sgtesting.Groups.TestNGCases" name="method2" time="0.001"/>
  <testcase classname="com.sgtesting.Groups.TestNGCases" name="method3" time="0.001"/>
  <testcase classname="com.sgtesting.Groups.TestNGCases" name="method4" time="0.001"/>
</testsuite> <!-- Default test -->
