<?xml version="1.0" encoding="UTF-8"?>
<!-- Generated by org.testng.reporters.JUnitXMLReporter -->
<testsuite ignored="0" hostname="DESKTOP-4G9K0JT" failures="0" tests="6" name="testcases" time="0.1" errors="0" timestamp="2023-04-07T17:26:54 IST">
  <testcase classname="com.sgtesting.users.Users" name="createUser" time="0.008"/>
  <testcase classname="com.sgtesting.users.Users" name="deleteUser" time="0.001"/>
  <testcase classname="com.sgtesting.users.Users" name="modifyUser" time="0.007"/>
  <testcase classname="com.sgtesting.products.product" name="createproduct" time="0.007"/>
  <testcase classname="com.sgtesting.products.product" name="deleteproduct" time="0.004"/>
  <testcase classname="com.sgtesting.products.product" name="modifyproduct" time="0.004"/>
</testsuite> <!-- testcases -->
