<?xml version="1.0" encoding="UTF-8"?>
<!-- Generated by org.testng.reporters.JUnitXMLReporter -->
<testsuite ignored="0" hostname="DESKTOP-4G9K0JT" failures="0" tests="6" name="Users and product" time="0.057" errors="0" timestamp="2023-07-05T11:30:06 IST">
  <testcase classname="com.sgtesting.users.Users" name="createUser" time="0.006"/>
  <testcase classname="com.sgtesting.users.Users" name="deleteUser" time="0.001"/>
  <testcase classname="com.sgtesting.users.Users" name="modifyUser" time="0.002"/>
  <testcase classname="com.sgtesting.products.product" name="createproduct" time="0.001"/>
  <testcase classname="com.sgtesting.products.product" name="deleteproduct" time="0.0"/>
  <testcase classname="com.sgtesting.products.product" name="modifyproduct" time="0.001"/>
</testsuite> <!-- Users and product -->
