<?xml version="1.0" encoding="UTF-8"?>
<!-- Generated by org.testng.reporters.JUnitXMLReporter -->
<testsuite ignored="0" hostname="DESKTOP-4G9K0JT" failures="0" tests="4" name="Users" time="0.065" errors="0" timestamp="2023-04-11T12:52:44 IST">
  <testcase classname="com.sgtesting.parameterization.Users" name="createUser" time="0.007"/>
  <testcase classname="com.sgtesting.parameterization.Users" name="createuser" time="0.001"/>
  <testcase classname="com.sgtesting.parameterization.Users" name="deleteUser" time="0.002"/>
  <testcase classname="com.sgtesting.parameterization.Users" name="modifyUser" time="0.003"/>
</testsuite> <!-- Users -->
