<?xml version="1.0" encoding="UTF-8"?>
<!-- Generated by org.testng.reporters.JUnitXMLReporter -->
<testsuite ignored="2" hostname="DESKTOP-4G9K0JT" failures="0" tests="2" name="testcases" time="0.044" errors="0" timestamp="2023-04-11T15:27:30 IST">
  <testcase classname="com.sgtesting.Groups.TestNGCases" name="method3" time="0.006"/>
  <testcase classname="com.sgtesting.Groups.TestNGCases" name="method4" time="0.001"/>
  <testcase classname="com.sgtesting.Groups.TestNGCases" name="method2" time="0.0">
    <ignored/>
  </testcase> <!-- method2 -->
  <testcase classname="com.sgtesting.Groups.TestNGCases" name="mathod1" time="0.0">
    <ignored/>
  </testcase> <!-- mathod1 -->
</testsuite> <!-- testcases -->
