<?xml version="1.0" encoding="UTF-8"?>
<!-- Generated by org.testng.reporters.JUnitXMLReporter -->
<testsuite ignored="0" hostname="DESKTOP-4G9K0JT" failures="0" tests="3" name="Default test" time="0.048" errors="0" timestamp="2023-04-06T09:19:03 IST">
  <testcase classname="com.sgtesting.tests.Users" name="method1" time="0.006"/>
  <testcase classname="com.sgtesting.tests.Users" name="method2" time="0.002"/>
  <testcase classname="com.sgtesting.tests.Users" name="method3" time="0.001"/>
</testsuite> <!-- Default test -->
