<?xml version="1.0" encoding="UTF-8"?>
<!-- Generated by org.testng.reporters.JUnitXMLReporter -->
<testsuite ignored="0" hostname="DESKTOP-4G9K0JT" failures="0" tests="3" name="tests" time="0.047" errors="0" timestamp="2023-04-06T09:19:19 IST">
  <testcase classname="com.sgtesting.tests.Users" name="method1" time="0.009"/>
  <testcase classname="com.sgtesting.tests.Users" name="method2" time="0.001"/>
  <testcase classname="com.sgtesting.tests.Users" name="method3" time="0.002"/>
</testsuite> <!-- tests -->
